14:51:28:093 [http-nio-808-exec-2] INFO  com.cts.emp.Employe.serviceImpl.EmployeeeServiceImple-Add Employee Service Imple class running
14:51:28:140 [http-nio-808-exec-2] INFO  com.cts.emp.Employe.controll.EmployeController-Add Employee controller running time 49 ms
14:51:33:854 [http-nio-808-exec-3] WARN  org.springframework.web.servlet.mvc.method.annotation.ExceptionHandlerExceptionResolver-Resolved [com.cts.emp.Employe.exception.EmployeNotFoundException: Wrong Id Or Password]
14:51:41:496 [http-nio-808-exec-4] INFO  com.cts.emp.Employe.controll.EmployeController-Login employee controller running time 5 ms
14:51:41:522 [http-nio-808-exec-5] INFO  com.cts.emp.Employe.serviceImpl.EmployeeeServiceImple-Find Employee Service Imple class running
14:51:41:539 [http-nio-808-exec-5] INFO  com.cts.emp.Employe.controll.EmployeController-Get Employee controller running time 17 ms
14:51:41:552 [http-nio-808-exec-6] INFO  com.cts.emp.Employe.serviceImpl.EmployeeeServiceImple-Find Employee Service Imple class running
14:51:41:562 [http-nio-808-exec-6] INFO  com.cts.emp.Employe.controll.EmployeController-Get Employee controller running time 10 ms
15:01:15:095 [background-preinit] INFO  org.hibernate.validator.internal.util.Version-HV000001: Hibernate Validator 8.0.1.Final
15:01:15:195 [restartedMain] INFO  com.cts.emp.Employe.EmployeApplication-Starting EmployeApplication using Java 17.0.11 with PID 21344 (C:\Users\2273297\git\repository\Employe\target\classes started by 2273297 in C:\Users\2273297\git\repository\Employe)
15:01:15:204 [restartedMain] INFO  com.cts.emp.Employe.EmployeApplication-No active profile set, falling back to 1 default profile: "default"
15:01:15:296 [restartedMain] INFO  org.springframework.boot.devtools.env.DevToolsPropertyDefaultsPostProcessor-Devtools property defaults active! Set 'spring.devtools.add-properties' to 'false' to disable
15:01:15:296 [restartedMain] INFO  org.springframework.boot.devtools.env.DevToolsPropertyDefaultsPostProcessor-For additional web related logging consider setting the 'logging.level.web' property to 'DEBUG'
15:01:17:318 [restartedMain] INFO  org.springframework.data.repository.config.RepositoryConfigurationDelegate-Multiple Spring Data modules found, entering strict repository configuration mode
15:01:17:320 [restartedMain] INFO  org.springframework.data.repository.config.RepositoryConfigurationDelegate-Bootstrapping Spring Data JDBC repositories in DEFAULT mode.
15:01:17:383 [restartedMain] INFO  org.springframework.data.repository.config.RepositoryConfigurationExtensionSupport-Spring Data JDBC - Could not safely identify store assignment for repository candidate interface com.cts.emp.Employe.Jpa.AddresssRepository; If you want this repository to be a JDBC repository, consider annotating your entities with one of these annotations: org.springframework.data.relational.core.mapping.Table.
15:01:17:388 [restartedMain] INFO  org.springframework.data.repository.config.RepositoryConfigurationExtensionSupport-Spring Data JDBC - Could not safely identify store assignment for repository candidate interface com.cts.emp.Employe.Jpa.EmployeeeRepository; If you want this repository to be a JDBC repository, consider annotating your entities with one of these annotations: org.springframework.data.relational.core.mapping.Table.
15:01:17:390 [restartedMain] INFO  org.springframework.data.repository.config.RepositoryConfigurationDelegate-Finished Spring Data repository scanning in 61 ms. Found 0 JDBC repository interfaces.
15:01:17:416 [restartedMain] INFO  org.springframework.data.repository.config.RepositoryConfigurationDelegate-Multiple Spring Data modules found, entering strict repository configuration mode
15:01:17:418 [restartedMain] INFO  org.springframework.data.repository.config.RepositoryConfigurationDelegate-Bootstrapping Spring Data JPA repositories in DEFAULT mode.
15:01:17:488 [restartedMain] INFO  org.springframework.data.repository.config.RepositoryConfigurationDelegate-Finished Spring Data repository scanning in 57 ms. Found 2 JPA repository interfaces.
15:01:18:923 [restartedMain] INFO  org.springframework.boot.web.embedded.tomcat.TomcatWebServer-Tomcat initialized with port 808 (http)
15:01:18:947 [restartedMain] INFO  org.apache.coyote.http11.Http11NioProtocol-Initializing ProtocolHandler ["http-nio-808"]
15:01:18:954 [restartedMain] INFO  org.apache.catalina.core.StandardService-Starting service [Tomcat]
15:01:18:955 [restartedMain] INFO  org.apache.catalina.core.StandardEngine-Starting Servlet engine: [Apache Tomcat/10.1.25]
15:01:19:111 [restartedMain] INFO  org.apache.catalina.core.ContainerBase.[Tomcat].[localhost].[/]-Initializing Spring embedded WebApplicationContext
15:01:19:115 [restartedMain] INFO  org.springframework.boot.web.servlet.context.ServletWebServerApplicationContext-Root WebApplicationContext: initialization completed in 3813 ms
15:01:19:207 [restartedMain] INFO  com.zaxxer.hikari.HikariDataSource-HikariPool-1 - Starting...
15:01:19:577 [restartedMain] INFO  com.zaxxer.hikari.pool.HikariPool-HikariPool-1 - Added connection conn0: url=jdbc:h2:mem:testdb user=SA
15:01:19:581 [restartedMain] INFO  com.zaxxer.hikari.HikariDataSource-HikariPool-1 - Start completed.
15:01:19:599 [restartedMain] INFO  org.springframework.boot.autoconfigure.h2.H2ConsoleAutoConfiguration-H2 console available at '/h2-console'. Database available at 'jdbc:h2:mem:testdb'
15:01:19:849 [restartedMain] INFO  org.hibernate.jpa.internal.util.LogHelper-HHH000204: Processing PersistenceUnitInfo [name: default]
15:01:19:993 [restartedMain] INFO  org.hibernate.Version-HHH000412: Hibernate ORM core version 6.5.2.Final
15:01:20:062 [restartedMain] INFO  org.hibernate.cache.internal.RegionFactoryInitiator-HHH000026: Second-level cache disabled
15:01:20:619 [restartedMain] INFO  org.springframework.orm.jpa.persistenceunit.SpringPersistenceUnitInfo-No LoadTimeWeaver setup: ignoring JPA class transformer
15:01:21:174 [restartedMain] WARN  org.hibernate.orm.deprecation-HHH90000021: Encountered deprecated setting [javax.persistence.schema-generation.database.action], use [jakarta.persistence.schema-generation.database.action] instead
15:01:21:921 [restartedMain] INFO  org.hibernate.engine.transaction.jta.platform.internal.JtaPlatformInitiator-HHH000489: No JTA platform available (set 'hibernate.transaction.jta.platform' to enable JTA platform integration)
15:01:21:929 [restartedMain] WARN  org.hibernate.orm.deprecation-HHH90000021: Encountered deprecated setting [javax.persistence.schema-generation.database.action], use [jakarta.persistence.schema-generation.database.action] instead
15:01:21:938 [restartedMain] WARN  org.hibernate.orm.deprecation-HHH90000021: Encountered deprecated setting [jakarta.persistence.schema-generation.drop-script-source], use [javax.persistence.schema-generation.drop-script-source] instead
15:01:21:939 [restartedMain] WARN  org.hibernate.orm.deprecation-HHH90000021: Encountered deprecated setting [jakarta.persistence.schema-generation.drop-source], use [javax.persistence.schema-generation.drop-source] instead
15:01:21:960 [restartedMain] WARN  org.hibernate.tool.schema.internal.exec.ScriptSourceInputFromFile-Specified schema generation script file [drop-tables.sql] did not exist for reading
15:01:22:002 [restartedMain] INFO  org.springframework.orm.jpa.LocalContainerEntityManagerFactoryBean-Initialized JPA EntityManagerFactory for persistence unit 'default'
15:01:22:576 [restartedMain] INFO  org.springframework.data.jpa.repository.query.QueryEnhancerFactory-Hibernate is in classpath; If applicable, HQL parser will be used.
15:01:23:458 [restartedMain] WARN  org.springframework.boot.autoconfigure.orm.jpa.JpaBaseConfiguration$JpaWebConfiguration-spring.jpa.open-in-view is enabled by default. Therefore, database queries may be performed during view rendering. Explicitly configure spring.jpa.open-in-view to disable this warning
15:01:24:348 [restartedMain] INFO  org.springframework.boot.devtools.autoconfigure.OptionalLiveReloadServer-LiveReload server is running on port 35729
15:01:24:372 [restartedMain] INFO  org.apache.coyote.http11.Http11NioProtocol-Starting ProtocolHandler ["http-nio-808"]
15:01:24:436 [restartedMain] INFO  org.springframework.boot.web.embedded.tomcat.TomcatWebServer-Tomcat started on port 808 (http) with context path '/'
15:01:24:449 [restartedMain] INFO  com.cts.emp.Employe.EmployeApplication-Started EmployeApplication in 9.976 seconds (process running for 12.123)
15:01:34:901 [http-nio-808-exec-2] INFO  org.apache.catalina.core.ContainerBase.[Tomcat].[localhost].[/]-Initializing Spring DispatcherServlet 'dispatcherServlet'
15:01:34:902 [http-nio-808-exec-2] INFO  org.springframework.web.servlet.DispatcherServlet-Initializing Servlet 'dispatcherServlet'
15:01:34:906 [http-nio-808-exec-2] INFO  org.springframework.web.servlet.DispatcherServlet-Completed initialization in 4 ms
15:01:35:476 [http-nio-808-exec-3] WARN  org.springframework.web.servlet.mvc.method.annotation.ExceptionHandlerExceptionResolver-Resolved [com.cts.emp.Employe.exception.EmployeNotFoundException: Employe not registered]
15:01:42:313 [http-nio-808-exec-1] WARN  org.springframework.web.servlet.mvc.method.annotation.ExceptionHandlerExceptionResolver-Resolved [com.cts.emp.Employe.exception.EmployeNotFoundException: Employe not registered]
15:02:01:396 [http-nio-808-exec-4] WARN  org.springframework.web.servlet.mvc.method.annotation.ExceptionHandlerExceptionResolver-Resolved [com.cts.emp.Employe.exception.EmployeNotFoundException: Employe not registered]
15:02:36:983 [http-nio-808-exec-5] WARN  org.springframework.web.servlet.mvc.method.annotation.ExceptionHandlerExceptionResolver-Resolved [com.cts.emp.Employe.exception.EmployeNotFoundException: Employe not registered]
15:03:17:112 [http-nio-808-exec-6] INFO  com.cts.emp.Employe.controll.EmployeController-Registerdto(name=Utkarsh, email=utkarshupadhyay17@gmail.com, phoneNo=12345678, password=1234, age=26, salary=1234567)
15:03:17:114 [http-nio-808-exec-6] INFO  com.cts.emp.Employe.serviceImpl.EmployeeeServiceImple-Add Employee Service Imple class running
15:03:17:247 [http-nio-808-exec-6] INFO  com.cts.emp.Employe.controll.EmployeController-Add Employee controller running time 134 ms
