16:13:31:071 [restartedMain] INFO  org.hibernate.jpa.internal.util.LogHelper-HHH000204: Processing PersistenceUnitInfo [name: default]
16:13:31:106 [restartedMain] INFO  org.hibernate.cache.internal.RegionFactoryInitiator-HHH000026: Second-level cache disabled
16:13:31:122 [restartedMain] INFO  org.springframework.orm.jpa.persistenceunit.SpringPersistenceUnitInfo-No LoadTimeWeaver setup: ignoring JPA class transformer
16:13:31:178 [restartedMain] WARN  org.hibernate.orm.deprecation-HHH90000021: Encountered deprecated setting [javax.persistence.schema-generation.database.action], use [jakarta.persistence.schema-generation.database.action] instead
16:13:31:260 [restartedMain] INFO  org.hibernate.engine.transaction.jta.platform.internal.JtaPlatformInitiator-HHH000489: No JTA platform available (set 'hibernate.transaction.jta.platform' to enable JTA platform integration)
16:13:31:260 [restartedMain] WARN  org.hibernate.orm.deprecation-HHH90000021: Encountered deprecated setting [javax.persistence.schema-generation.database.action], use [jakarta.persistence.schema-generation.database.action] instead
16:13:31:260 [restartedMain] WARN  org.hibernate.orm.deprecation-HHH90000021: Encountered deprecated setting [jakarta.persistence.schema-generation.drop-script-source], use [javax.persistence.schema-generation.drop-script-source] instead
16:13:31:260 [restartedMain] WARN  org.hibernate.orm.deprecation-HHH90000021: Encountered deprecated setting [jakarta.persistence.schema-generation.drop-source], use [javax.persistence.schema-generation.drop-source] instead
16:13:31:261 [restartedMain] WARN  org.hibernate.tool.schema.internal.exec.ScriptSourceInputFromFile-Specified schema generation script file [drop-tables.sql] did not exist for reading
16:13:31:274 [restartedMain] INFO  org.springframework.orm.jpa.LocalContainerEntityManagerFactoryBean-Initialized JPA EntityManagerFactory for persistence unit 'default'
16:13:31:405 [restartedMain] WARN  org.springframework.boot.autoconfigure.orm.jpa.JpaBaseConfiguration$JpaWebConfiguration-spring.jpa.open-in-view is enabled by default. Therefore, database queries may be performed during view rendering. Explicitly configure spring.jpa.open-in-view to disable this warning
16:13:31:586 [restartedMain] INFO  org.springframework.boot.devtools.autoconfigure.OptionalLiveReloadServer-LiveReload server is running on port 35729
16:13:31:592 [restartedMain] INFO  org.apache.coyote.http11.Http11NioProtocol-Starting ProtocolHandler ["http-nio-808"]
16:13:31:598 [restartedMain] INFO  org.springframework.boot.web.embedded.tomcat.TomcatWebServer-Tomcat started on port 808 (http) with context path '/'
16:13:31:603 [restartedMain] INFO  com.cts.emp.Employe.EmployeApplication-Started EmployeApplication in 1.319 seconds (process running for 1427.652)
16:13:31:604 [restartedMain] INFO  org.springframework.boot.devtools.autoconfigure.ConditionEvaluationDeltaLoggingListener-Condition evaluation unchanged
16:13:42:636 [http-nio-808-exec-1] INFO  org.apache.catalina.core.ContainerBase.[Tomcat-3].[localhost].[/]-Initializing Spring DispatcherServlet 'dispatcherServlet'
16:13:42:636 [http-nio-808-exec-1] INFO  org.springframework.web.servlet.DispatcherServlet-Initializing Servlet 'dispatcherServlet'
16:13:42:638 [http-nio-808-exec-1] INFO  org.springframework.web.servlet.DispatcherServlet-Completed initialization in 2 ms
16:13:43:105 [http-nio-808-exec-4] INFO  org.springdoc.api.AbstractOpenApiResource-Init duration for springdoc-openapi is: 236 ms
16:13:49:507 [http-nio-808-exec-5] WARN  org.springframework.web.servlet.mvc.method.annotation.ExceptionHandlerExceptionResolver-Resolved [org.springframework.web.bind.MethodArgumentNotValidException: Validation failed for argument [0] in public org.springframework.http.ResponseEntity<com.cts.emp.Employe.entity.Employeee> com.cts.emp.Employe.controll.EmployeController.register(com.cts.emp.Employe.entity.Employeee,jakarta.servlet.http.HttpServletResponse): [Field error in object 'employeee' on field 'salary': rejected value [0]; codes [Min.employeee.salary,Min.salary,Min.java.lang.Integer,Min]; arguments [org.springframework.context.support.DefaultMessageSourceResolvable: codes [employeee.salary,salary]; arguments []; default message [salary],1]; default message [Salary must not be 0 ]] ]
16:15:29:456 [http-nio-808-exec-6] WARN  org.springframework.web.servlet.mvc.support.DefaultHandlerExceptionResolver-Resolved [org.springframework.http.converter.HttpMessageNotReadableException: JSON parse error: Unexpected character ('}' (code 125)): expected a value]
16:16:59:139 [File Watcher] INFO  org.springframework.boot.devtools.autoconfigure.LocalDevToolsAutoConfiguration$RestartingClassPathChangeChangedEventListener-Restarting due to 1 class path change (0 additions, 0 deletions, 1 modification)
16:16:59:142 [Thread-45] INFO  org.apache.coyote.http11.Http11NioProtocol-Stopping ProtocolHandler ["http-nio-808"]
16:16:59:466 [Thread-45] INFO  org.springframework.orm.jpa.LocalContainerEntityManagerFactoryBean-Closing JPA EntityManagerFactory for persistence unit 'default'
16:16:59:467 [Thread-45] WARN  org.springframework.beans.factory.support.DisposableBeanAdapter-Invocation of destroy method failed on bean with name 'inMemoryDatabaseShutdownExecutor': org.h2.jdbc.JdbcSQLNonTransientConnectionException: Database is already closed (to disable automatic closing at VM shutdown, add ";DB_CLOSE_ON_EXIT=FALSE" to the db URL) [90121-224]
16:16:59:467 [Thread-45] INFO  com.zaxxer.hikari.HikariDataSource-HikariPool-12 - Shutdown initiated...
16:16:59:468 [Thread-45] INFO  com.zaxxer.hikari.HikariDataSource-HikariPool-12 - Shutdown completed.
16:16:59:603 [restartedMain] INFO  com.cts.emp.Employe.EmployeApplication-Starting EmployeApplication using Java 17.0.11 with PID 27332 (C:\Users\2273297\git\repository\Employe\target\classes started by 2273297 in C:\Users\2273297\git\repository\Employe)
16:16:59:604 [restartedMain] INFO  com.cts.emp.Employe.EmployeApplication-No active profile set, falling back to 1 default profile: "default"
16:16:59:921 [restartedMain] INFO  org.springframework.data.repository.config.RepositoryConfigurationDelegate-Multiple Spring Data modules found, entering strict repository configuration mode
16:16:59:921 [restartedMain] INFO  org.springframework.data.repository.config.RepositoryConfigurationDelegate-Bootstrapping Spring Data JDBC repositories in DEFAULT mode.
16:16:59:928 [restartedMain] INFO  org.springframework.data.repository.config.RepositoryConfigurationExtensionSupport-Spring Data JDBC - Could not safely identify store assignment for repository candidate interface com.cts.emp.Employe.Jpa.AddresssRepository; If you want this repository to be a JDBC repository, consider annotating your entities with one of these annotations: org.springframework.data.relational.core.mapping.Table.
16:16:59:929 [restartedMain] INFO  org.springframework.data.repository.config.RepositoryConfigurationExtensionSupport-Spring Data JDBC - Could not safely identify store assignment for repository candidate interface com.cts.emp.Employe.Jpa.EmployeeeRepository; If you want this repository to be a JDBC repository, consider annotating your entities with one of these annotations: org.springframework.data.relational.core.mapping.Table.
16:16:59:930 [restartedMain] INFO  org.springframework.data.repository.config.RepositoryConfigurationDelegate-Finished Spring Data repository scanning in 8 ms. Found 0 JDBC repository interfaces.
16:16:59:934 [restartedMain] INFO  org.springframework.data.repository.config.RepositoryConfigurationDelegate-Multiple Spring Data modules found, entering strict repository configuration mode
16:16:59:934 [restartedMain] INFO  org.springframework.data.repository.config.RepositoryConfigurationDelegate-Bootstrapping Spring Data JPA repositories in DEFAULT mode.
16:16:59:944 [restartedMain] INFO  org.springframework.data.repository.config.RepositoryConfigurationDelegate-Finished Spring Data repository scanning in 9 ms. Found 2 JPA repository interfaces.
16:17:00:063 [restartedMain] INFO  org.springframework.boot.web.embedded.tomcat.TomcatWebServer-Tomcat initialized with port 808 (http)
16:17:00:064 [restartedMain] INFO  org.apache.coyote.http11.Http11NioProtocol-Initializing ProtocolHandler ["http-nio-808"]
16:17:00:064 [restartedMain] INFO  org.apache.catalina.core.StandardService-Starting service [Tomcat]
16:17:00:065 [restartedMain] INFO  org.apache.catalina.core.StandardEngine-Starting Servlet engine: [Apache Tomcat/10.1.25]
16:17:00:105 [restartedMain] INFO  org.apache.catalina.core.ContainerBase.[Tomcat-3].[localhost].[/]-Initializing Spring embedded WebApplicationContext
16:17:00:105 [restartedMain] INFO  org.springframework.boot.web.servlet.context.ServletWebServerApplicationContext-Root WebApplicationContext: initialization completed in 499 ms
16:17:00:115 [restartedMain] INFO  com.zaxxer.hikari.HikariDataSource-HikariPool-13 - Starting...
16:17:00:117 [restartedMain] INFO  com.zaxxer.hikari.pool.HikariPool-HikariPool-13 - Added connection conn102: url=jdbc:h2:mem:testdb user=SA
16:17:00:117 [restartedMain] INFO  com.zaxxer.hikari.HikariDataSource-HikariPool-13 - Start completed.
16:17:00:117 [restartedMain] INFO  org.springframework.boot.autoconfigure.h2.H2ConsoleAutoConfiguration-H2 console available at '/h2-console'. Database available at 'jdbc:h2:mem:testdb'
16:17:00:141 [restartedMain] INFO  org.hibernate.jpa.internal.util.LogHelper-HHH000204: Processing PersistenceUnitInfo [name: default]
16:17:00:144 [restartedMain] INFO  org.hibernate.cache.internal.RegionFactoryInitiator-HHH000026: Second-level cache disabled
16:17:00:153 [restartedMain] INFO  org.springframework.orm.jpa.persistenceunit.SpringPersistenceUnitInfo-No LoadTimeWeaver setup: ignoring JPA class transformer
16:17:00:186 [restartedMain] WARN  org.hibernate.orm.deprecation-HHH90000021: Encountered deprecated setting [javax.persistence.schema-generation.database.action], use [jakarta.persistence.schema-generation.database.action] instead
16:17:00:216 [restartedMain] INFO  org.hibernate.engine.transaction.jta.platform.internal.JtaPlatformInitiator-HHH000489: No JTA platform available (set 'hibernate.transaction.jta.platform' to enable JTA platform integration)
