14:46:28:854 [http-nio-808-exec-2] INFO  com.cts.emp.Employe.controll.EmployeController-Add Employee controller running time 10 ms
14:46:34:695 [http-nio-808-exec-3] WARN  org.springframework.web.servlet.mvc.method.annotation.ExceptionHandlerExceptionResolver-Resolved [com.cts.emp.Employe.exception.EmployeNotFoundException: Employe not registered]
14:47:27:791 [http-nio-808-exec-5] INFO  com.cts.emp.Employe.controll.EmployeController-Login employee controller running time 8 ms
14:47:27:821 [http-nio-808-exec-3] INFO  com.cts.emp.Employe.serviceImpl.EmployeeeServiceImple-Find Employee Service Imple class running
14:47:27:838 [http-nio-808-exec-3] INFO  com.cts.emp.Employe.controll.EmployeController-Get Employee controller running time 18 ms
14:47:27:854 [http-nio-808-exec-2] INFO  com.cts.emp.Employe.serviceImpl.EmployeeeServiceImple-Find Employee Service Imple class running
14:47:27:866 [http-nio-808-exec-2] INFO  com.cts.emp.Employe.controll.EmployeController-Get Employee controller running time 12 ms
14:47:37:290 [http-nio-808-exec-7] WARN  org.springframework.web.servlet.mvc.method.annotation.ExceptionHandlerExceptionResolver-Resolved [com.cts.emp.Employe.exception.EmployeNotFoundException: Employe not registered]
14:48:33:310 [http-nio-808-exec-5] WARN  org.springframework.web.servlet.mvc.method.annotation.ExceptionHandlerExceptionResolver-Resolved [com.cts.emp.Employe.exception.EmployeNotFoundException: Employe not registered]
14:48:39:148 [http-nio-808-exec-3] WARN  org.springframework.web.servlet.mvc.method.annotation.ExceptionHandlerExceptionResolver-Resolved [com.cts.emp.Employe.exception.EmployeNotFoundException: Employe not registered]
14:51:06:730 [File Watcher] INFO  org.springframework.boot.devtools.autoconfigure.LocalDevToolsAutoConfiguration$RestartingClassPathChangeChangedEventListener-Restarting due to 1 class path change (0 additions, 0 deletions, 1 modification)
14:51:06:740 [Thread-7] INFO  org.apache.coyote.http11.Http11NioProtocol-Stopping ProtocolHandler ["http-nio-808"]
14:51:07:130 [Thread-7] INFO  org.springframework.orm.jpa.LocalContainerEntityManagerFactoryBean-Closing JPA EntityManagerFactory for persistence unit 'default'
14:51:07:133 [Thread-7] WARN  org.springframework.beans.factory.support.DisposableBeanAdapter-Invocation of destroy method failed on bean with name 'inMemoryDatabaseShutdownExecutor': org.h2.jdbc.JdbcSQLNonTransientConnectionException: Database is already closed (to disable automatic closing at VM shutdown, add ";DB_CLOSE_ON_EXIT=FALSE" to the db URL) [90121-224]
14:51:07:134 [Thread-7] INFO  com.zaxxer.hikari.HikariDataSource-HikariPool-2 - Shutdown initiated...
14:51:07:139 [Thread-7] INFO  com.zaxxer.hikari.HikariDataSource-HikariPool-2 - Shutdown completed.
14:51:07:353 [restartedMain] INFO  com.cts.emp.Employe.EmployeApplication-Starting EmployeApplication using Java 17.0.11 with PID 18580 (C:\Users\2273297\git\repository\Employe\target\classes started by 2273297 in C:\Users\2273297\git\repository\Employe)
14:51:07:355 [restartedMain] INFO  com.cts.emp.Employe.EmployeApplication-No active profile set, falling back to 1 default profile: "default"
14:51:07:885 [restartedMain] INFO  org.springframework.data.repository.config.RepositoryConfigurationDelegate-Multiple Spring Data modules found, entering strict repository configuration mode
14:51:07:885 [restartedMain] INFO  org.springframework.data.repository.config.RepositoryConfigurationDelegate-Bootstrapping Spring Data JDBC repositories in DEFAULT mode.
14:51:07:897 [restartedMain] INFO  org.springframework.data.repository.config.RepositoryConfigurationExtensionSupport-Spring Data JDBC - Could not safely identify store assignment for repository candidate interface com.cts.emp.Employe.Jpa.AddresssRepository; If you want this repository to be a JDBC repository, consider annotating your entities with one of these annotations: org.springframework.data.relational.core.mapping.Table.
14:51:07:901 [restartedMain] INFO  org.springframework.data.repository.config.RepositoryConfigurationExtensionSupport-Spring Data JDBC - Could not safely identify store assignment for repository candidate interface com.cts.emp.Employe.Jpa.EmployeeeRepository; If you want this repository to be a JDBC repository, consider annotating your entities with one of these annotations: org.springframework.data.relational.core.mapping.Table.
14:51:07:901 [restartedMain] INFO  org.springframework.data.repository.config.RepositoryConfigurationDelegate-Finished Spring Data repository scanning in 15 ms. Found 0 JDBC repository interfaces.
14:51:07:908 [restartedMain] INFO  org.springframework.data.repository.config.RepositoryConfigurationDelegate-Multiple Spring Data modules found, entering strict repository configuration mode
14:51:07:909 [restartedMain] INFO  org.springframework.data.repository.config.RepositoryConfigurationDelegate-Bootstrapping Spring Data JPA repositories in DEFAULT mode.
14:51:07:921 [restartedMain] INFO  org.springframework.data.repository.config.RepositoryConfigurationDelegate-Finished Spring Data repository scanning in 12 ms. Found 2 JPA repository interfaces.
14:51:08:058 [restartedMain] INFO  org.springframework.boot.web.embedded.tomcat.TomcatWebServer-Tomcat initialized with port 808 (http)
14:51:08:059 [restartedMain] INFO  org.apache.coyote.http11.Http11NioProtocol-Initializing ProtocolHandler ["http-nio-808"]
14:51:08:060 [restartedMain] INFO  org.apache.catalina.core.StandardService-Starting service [Tomcat]
14:51:08:060 [restartedMain] INFO  org.apache.catalina.core.StandardEngine-Starting Servlet engine: [Apache Tomcat/10.1.25]
14:51:08:114 [restartedMain] INFO  org.apache.catalina.core.ContainerBase.[Tomcat].[localhost].[/]-Initializing Spring embedded WebApplicationContext
14:51:08:114 [restartedMain] INFO  org.springframework.boot.web.servlet.context.ServletWebServerApplicationContext-Root WebApplicationContext: initialization completed in 749 ms
14:51:08:131 [restartedMain] INFO  com.zaxxer.hikari.HikariDataSource-HikariPool-3 - Starting...
14:51:08:135 [restartedMain] INFO  com.zaxxer.hikari.pool.HikariPool-HikariPool-3 - Added connection conn21: url=jdbc:h2:mem:testdb user=SA
14:51:08:136 [restartedMain] INFO  com.zaxxer.hikari.HikariDataSource-HikariPool-3 - Start completed.
14:51:08:136 [restartedMain] INFO  org.springframework.boot.autoconfigure.h2.H2ConsoleAutoConfiguration-H2 console available at '/h2-console'. Database available at 'jdbc:h2:mem:testdb'
14:51:08:179 [restartedMain] INFO  org.hibernate.jpa.internal.util.LogHelper-HHH000204: Processing PersistenceUnitInfo [name: default]
14:51:08:186 [restartedMain] INFO  org.hibernate.cache.internal.RegionFactoryInitiator-HHH000026: Second-level cache disabled
14:51:08:207 [restartedMain] INFO  org.springframework.orm.jpa.persistenceunit.SpringPersistenceUnitInfo-No LoadTimeWeaver setup: ignoring JPA class transformer
14:51:08:262 [restartedMain] WARN  org.hibernate.orm.deprecation-HHH90000021: Encountered deprecated setting [javax.persistence.schema-generation.database.action], use [jakarta.persistence.schema-generation.database.action] instead
14:51:08:324 [restartedMain] INFO  org.hibernate.engine.transaction.jta.platform.internal.JtaPlatformInitiator-HHH000489: No JTA platform available (set 'hibernate.transaction.jta.platform' to enable JTA platform integration)
14:51:08:324 [restartedMain] WARN  org.hibernate.orm.deprecation-HHH90000021: Encountered deprecated setting [javax.persistence.schema-generation.database.action], use [jakarta.persistence.schema-generation.database.action] instead
14:51:08:324 [restartedMain] WARN  org.hibernate.orm.deprecation-HHH90000021: Encountered deprecated setting [jakarta.persistence.schema-generation.drop-script-source], use [javax.persistence.schema-generation.drop-script-source] instead
14:51:08:324 [restartedMain] WARN  org.hibernate.orm.deprecation-HHH90000021: Encountered deprecated setting [jakarta.persistence.schema-generation.drop-source], use [javax.persistence.schema-generation.drop-source] instead
14:51:08:325 [restartedMain] WARN  org.hibernate.tool.schema.internal.exec.ScriptSourceInputFromFile-Specified schema generation script file [drop-tables.sql] did not exist for reading
14:51:08:337 [restartedMain] INFO  org.springframework.orm.jpa.LocalContainerEntityManagerFactoryBean-Initialized JPA EntityManagerFactory for persistence unit 'default'
14:51:08:489 [restartedMain] WARN  org.springframework.boot.autoconfigure.orm.jpa.JpaBaseConfiguration$JpaWebConfiguration-spring.jpa.open-in-view is enabled by default. Therefore, database queries may be performed during view rendering. Explicitly configure spring.jpa.open-in-view to disable this warning
14:51:08:718 [restartedMain] INFO  org.springframework.boot.devtools.autoconfigure.OptionalLiveReloadServer-LiveReload server is running on port 35729
14:51:08:725 [restartedMain] INFO  org.apache.coyote.http11.Http11NioProtocol-Starting ProtocolHandler ["http-nio-808"]
14:51:08:731 [restartedMain] INFO  org.springframework.boot.web.embedded.tomcat.TomcatWebServer-Tomcat started on port 808 (http) with context path '/'
14:51:08:737 [restartedMain] INFO  com.cts.emp.Employe.EmployeApplication-Started EmployeApplication in 1.487 seconds (process running for 1199.107)
14:51:08:739 [restartedMain] INFO  org.springframework.boot.devtools.autoconfigure.ConditionEvaluationDeltaLoggingListener-Condition evaluation unchanged
14:51:09:393 [http-nio-808-exec-1] INFO  org.apache.catalina.core.ContainerBase.[Tomcat].[localhost].[/]-Initializing Spring DispatcherServlet 'dispatcherServlet'
14:51:09:394 [http-nio-808-exec-1] INFO  org.springframework.web.servlet.DispatcherServlet-Initializing Servlet 'dispatcherServlet'
14:51:09:396 [http-nio-808-exec-1] INFO  org.springframework.web.servlet.DispatcherServlet-Completed initialization in 2 ms
14:51:09:420 [http-nio-808-exec-1] WARN  org.springframework.web.servlet.mvc.method.annotation.ExceptionHandlerExceptionResolver-Resolved [com.cts.emp.Employe.exception.EmployeNotFoundException: Employe not registered]
14:51:28:090 [http-nio-808-exec-2] INFO  com.cts.emp.Employe.controll.EmployeController-Registerdto(name=Utkarsh, email=utkarshupadhyay17@gmail.com, phoneNo=12345678, password=1234, age=23, salary=1234567)
