16:10:59:574 [restartedMain] INFO  org.apache.coyote.http11.Http11NioProtocol-Initializing ProtocolHandler ["http-nio-808"]
16:10:59:607 [restartedMain] INFO  org.apache.catalina.core.StandardService-Starting service [Tomcat]
16:10:59:608 [restartedMain] INFO  org.apache.catalina.core.StandardEngine-Starting Servlet engine: [Apache Tomcat/10.1.25]
16:10:59:653 [restartedMain] INFO  org.apache.catalina.core.ContainerBase.[Tomcat-3].[localhost].[/]-Initializing Spring embedded WebApplicationContext
16:10:59:654 [restartedMain] INFO  org.springframework.boot.web.servlet.context.ServletWebServerApplicationContext-Root WebApplicationContext: initialization completed in 501 ms
16:10:59:666 [restartedMain] INFO  com.zaxxer.hikari.HikariDataSource-HikariPool-11 - Starting...
16:10:59:669 [restartedMain] INFO  com.zaxxer.hikari.pool.HikariPool-HikariPool-11 - Added connection conn82: url=jdbc:h2:mem:testdb user=SA
16:10:59:669 [restartedMain] INFO  com.zaxxer.hikari.HikariDataSource-HikariPool-11 - Start completed.
16:10:59:669 [restartedMain] INFO  org.springframework.boot.autoconfigure.h2.H2ConsoleAutoConfiguration-H2 console available at '/h2-console'. Database available at 'jdbc:h2:mem:testdb'
16:10:59:697 [restartedMain] INFO  org.hibernate.jpa.internal.util.LogHelper-HHH000204: Processing PersistenceUnitInfo [name: default]
16:10:59:700 [restartedMain] INFO  org.hibernate.cache.internal.RegionFactoryInitiator-HHH000026: Second-level cache disabled
16:10:59:713 [restartedMain] INFO  org.springframework.orm.jpa.persistenceunit.SpringPersistenceUnitInfo-No LoadTimeWeaver setup: ignoring JPA class transformer
16:10:59:749 [restartedMain] WARN  org.hibernate.orm.deprecation-HHH90000021: Encountered deprecated setting [javax.persistence.schema-generation.database.action], use [jakarta.persistence.schema-generation.database.action] instead
16:10:59:790 [restartedMain] INFO  org.hibernate.engine.transaction.jta.platform.internal.JtaPlatformInitiator-HHH000489: No JTA platform available (set 'hibernate.transaction.jta.platform' to enable JTA platform integration)
16:10:59:791 [restartedMain] WARN  org.hibernate.orm.deprecation-HHH90000021: Encountered deprecated setting [javax.persistence.schema-generation.database.action], use [jakarta.persistence.schema-generation.database.action] instead
16:10:59:791 [restartedMain] WARN  org.hibernate.orm.deprecation-HHH90000021: Encountered deprecated setting [jakarta.persistence.schema-generation.drop-script-source], use [javax.persistence.schema-generation.drop-script-source] instead
16:10:59:791 [restartedMain] WARN  org.hibernate.orm.deprecation-HHH90000021: Encountered deprecated setting [jakarta.persistence.schema-generation.drop-source], use [javax.persistence.schema-generation.drop-source] instead
16:10:59:792 [restartedMain] WARN  org.hibernate.tool.schema.internal.exec.ScriptSourceInputFromFile-Specified schema generation script file [drop-tables.sql] did not exist for reading
16:10:59:802 [restartedMain] INFO  org.springframework.orm.jpa.LocalContainerEntityManagerFactoryBean-Initialized JPA EntityManagerFactory for persistence unit 'default'
16:10:59:941 [restartedMain] WARN  org.springframework.boot.autoconfigure.orm.jpa.JpaBaseConfiguration$JpaWebConfiguration-spring.jpa.open-in-view is enabled by default. Therefore, database queries may be performed during view rendering. Explicitly configure spring.jpa.open-in-view to disable this warning
16:11:00:113 [restartedMain] INFO  org.springframework.boot.devtools.autoconfigure.OptionalLiveReloadServer-LiveReload server is running on port 35729
16:11:00:121 [restartedMain] INFO  org.apache.coyote.http11.Http11NioProtocol-Starting ProtocolHandler ["http-nio-808"]
16:11:00:126 [restartedMain] INFO  org.springframework.boot.web.embedded.tomcat.TomcatWebServer-Tomcat started on port 808 (http) with context path '/'
16:11:00:132 [restartedMain] INFO  com.cts.emp.Employe.EmployeApplication-Started EmployeApplication in 1.034 seconds (process running for 1276.18)
16:11:00:133 [restartedMain] INFO  org.springframework.boot.devtools.autoconfigure.ConditionEvaluationDeltaLoggingListener-Condition evaluation unchanged
16:11:07:587 [http-nio-808-exec-1] INFO  org.apache.catalina.core.ContainerBase.[Tomcat-3].[localhost].[/]-Initializing Spring DispatcherServlet 'dispatcherServlet'
16:11:07:587 [http-nio-808-exec-1] INFO  org.springframework.web.servlet.DispatcherServlet-Initializing Servlet 'dispatcherServlet'
16:11:07:589 [http-nio-808-exec-1] INFO  org.springframework.web.servlet.DispatcherServlet-Completed initialization in 2 ms
16:11:07:964 [http-nio-808-exec-4] INFO  org.springdoc.api.AbstractOpenApiResource-Init duration for springdoc-openapi is: 172 ms
16:11:34:835 [http-nio-808-exec-5] INFO  com.cts.emp.Employe.serviceImpl.EmployeeeServiceImple-Add Employee Service Imple class running
16:11:34:846 [http-nio-808-exec-5] INFO  com.cts.emp.Employe.controll.EmployeController-Add Employee controller running time 11 ms
16:11:40:831 [http-nio-808-exec-6] WARN  org.springframework.web.servlet.mvc.support.DefaultHandlerExceptionResolver-Resolved [org.springframework.http.converter.HttpMessageNotReadableException: JSON parse error: Unexpected character ('}' (code 125)): expected a value]
16:12:19:327 [http-nio-808-exec-7] WARN  org.springframework.web.servlet.mvc.support.DefaultHandlerExceptionResolver-Resolved [org.springframework.http.converter.HttpMessageNotReadableException: JSON parse error: Unexpected character (',' (code 44)): expected a value]
16:13:29:786 [File Watcher] INFO  org.springframework.boot.devtools.autoconfigure.LocalDevToolsAutoConfiguration$RestartingClassPathChangeChangedEventListener-Restarting due to 1 class path change (0 additions, 0 deletions, 1 modification)
16:13:29:789 [Thread-41] INFO  org.apache.coyote.http11.Http11NioProtocol-Stopping ProtocolHandler ["http-nio-808"]
16:13:30:163 [Thread-41] INFO  org.springframework.orm.jpa.LocalContainerEntityManagerFactoryBean-Closing JPA EntityManagerFactory for persistence unit 'default'
16:13:30:165 [Thread-41] WARN  org.springframework.beans.factory.support.DisposableBeanAdapter-Invocation of destroy method failed on bean with name 'inMemoryDatabaseShutdownExecutor': org.h2.jdbc.JdbcSQLNonTransientConnectionException: Database is already closed (to disable automatic closing at VM shutdown, add ";DB_CLOSE_ON_EXIT=FALSE" to the db URL) [90121-224]
16:13:30:165 [Thread-41] INFO  com.zaxxer.hikari.HikariDataSource-HikariPool-11 - Shutdown initiated...
16:13:30:166 [Thread-41] INFO  com.zaxxer.hikari.HikariDataSource-HikariPool-11 - Shutdown completed.
16:13:30:360 [restartedMain] INFO  com.cts.emp.Employe.EmployeApplication-Starting EmployeApplication using Java 17.0.11 with PID 27332 (C:\Users\2273297\git\repository\Employe\target\classes started by 2273297 in C:\Users\2273297\git\repository\Employe)
16:13:30:362 [restartedMain] INFO  com.cts.emp.Employe.EmployeApplication-No active profile set, falling back to 1 default profile: "default"
16:13:30:744 [restartedMain] INFO  org.springframework.data.repository.config.RepositoryConfigurationDelegate-Multiple Spring Data modules found, entering strict repository configuration mode
16:13:30:745 [restartedMain] INFO  org.springframework.data.repository.config.RepositoryConfigurationDelegate-Bootstrapping Spring Data JDBC repositories in DEFAULT mode.
16:13:30:758 [restartedMain] INFO  org.springframework.data.repository.config.RepositoryConfigurationExtensionSupport-Spring Data JDBC - Could not safely identify store assignment for repository candidate interface com.cts.emp.Employe.Jpa.AddresssRepository; If you want this repository to be a JDBC repository, consider annotating your entities with one of these annotations: org.springframework.data.relational.core.mapping.Table.
16:13:30:762 [restartedMain] INFO  org.springframework.data.repository.config.RepositoryConfigurationExtensionSupport-Spring Data JDBC - Could not safely identify store assignment for repository candidate interface com.cts.emp.Employe.Jpa.EmployeeeRepository; If you want this repository to be a JDBC repository, consider annotating your entities with one of these annotations: org.springframework.data.relational.core.mapping.Table.
16:13:30:762 [restartedMain] INFO  org.springframework.data.repository.config.RepositoryConfigurationDelegate-Finished Spring Data repository scanning in 17 ms. Found 0 JDBC repository interfaces.
16:13:30:770 [restartedMain] INFO  org.springframework.data.repository.config.RepositoryConfigurationDelegate-Multiple Spring Data modules found, entering strict repository configuration mode
16:13:30:771 [restartedMain] INFO  org.springframework.data.repository.config.RepositoryConfigurationDelegate-Bootstrapping Spring Data JPA repositories in DEFAULT mode.
16:13:30:786 [restartedMain] INFO  org.springframework.data.repository.config.RepositoryConfigurationDelegate-Finished Spring Data repository scanning in 15 ms. Found 2 JPA repository interfaces.
16:13:30:945 [restartedMain] INFO  org.springframework.boot.web.embedded.tomcat.TomcatWebServer-Tomcat initialized with port 808 (http)
16:13:30:946 [restartedMain] INFO  org.apache.coyote.http11.Http11NioProtocol-Initializing ProtocolHandler ["http-nio-808"]
16:13:30:947 [restartedMain] INFO  org.apache.catalina.core.StandardService-Starting service [Tomcat]
16:13:30:947 [restartedMain] INFO  org.apache.catalina.core.StandardEngine-Starting Servlet engine: [Apache Tomcat/10.1.25]
16:13:31:001 [restartedMain] INFO  org.apache.catalina.core.ContainerBase.[Tomcat-3].[localhost].[/]-Initializing Spring embedded WebApplicationContext
16:13:31:002 [restartedMain] INFO  org.springframework.boot.web.servlet.context.ServletWebServerApplicationContext-Root WebApplicationContext: initialization completed in 637 ms
16:13:31:023 [restartedMain] INFO  com.zaxxer.hikari.HikariDataSource-HikariPool-12 - Starting...
16:13:31:028 [restartedMain] INFO  com.zaxxer.hikari.pool.HikariPool-HikariPool-12 - Added connection conn92: url=jdbc:h2:mem:testdb user=SA
16:13:31:029 [restartedMain] INFO  com.zaxxer.hikari.HikariDataSource-HikariPool-12 - Start completed.
16:13:31:029 [restartedMain] INFO  org.springframework.boot.autoconfigure.h2.H2ConsoleAutoConfiguration-H2 console available at '/h2-console'. Database available at 'jdbc:h2:mem:testdb'
